<?xml version="1.0" encoding="UTF-8"?>
<!-- Generated by org.testng.reporters.JUnitReportReporter -->
<testsuite hostname="QT-INBG-LT1025" failures="0" tests="4" name="Mobile.signin" time="39.400" errors="0" timestamp="2022-09-19T11:27:09 IST" skipped="0">
  <testcase classname="Mobile.signin" name="sign" time="11.647"/>
  <system-out/>
  <testcase classname="Mobile.signin" name="sign" time="8.722"/>
  <system-out/>
  <testcase classname="Mobile.signin" name="sign" time="8.739"/>
  <system-out/>
  <testcase classname="Mobile.signin" name="sign" time="10.292"/>
  <system-out/>
</testsuite> <!-- Mobile.signin -->
