<?xml version="1.0" encoding="UTF-8"?>
<!-- Generated by org.testng.reporters.JUnitReportReporter -->
<testsuite hostname="QT-INBG-LT1025" failures="0" tests="4" name="Mobile.signup" time="61.912" errors="0" timestamp="2022-09-19T11:27:09 IST" skipped="0">
  <testcase classname="Mobile.signup" name="sign" time="14.641"/>
  <system-out/>
  <testcase classname="Mobile.signup" name="sign" time="15.317"/>
  <system-out/>
  <testcase classname="Mobile.signup" name="sign" time="15.394"/>
  <system-out/>
  <testcase classname="Mobile.signup" name="sign" time="16.560"/>
  <system-out/>
</testsuite> <!-- Mobile.signup -->
