<?xml version="1.0" encoding="UTF-8"?>
<!-- Generated by org.testng.reporters.JUnitReportReporter -->
<testsuite hostname="QT-INBG-LT1025" failures="0" tests="8" name="Mobile.Homepage" time="33.093" errors="0" timestamp="2022-09-19T11:27:09 IST" skipped="0">
  <testcase classname="Mobile.Homepage" name="homepage3" time="4.278"/>
  <system-out/>
  <testcase classname="Mobile.Homepage" name="homepage4" time="4.434"/>
  <system-out/>
  <testcase classname="Mobile.Homepage" name="homepage6" time="4.015"/>
  <system-out/>
  <testcase classname="Mobile.Homepage" name="homepage5" time="4.055"/>
  <system-out/>
  <testcase classname="Mobile.Homepage" name="homepage2" time="4.075"/>
  <system-out/>
  <testcase classname="Mobile.Homepage" name="homepage8" time="4.047"/>
  <system-out/>
  <testcase classname="Mobile.Homepage" name="homepage7" time="4.089"/>
  <system-out/>
  <testcase classname="Mobile.Homepage" name="homepage1" time="4.100"/>
  <system-out/>
</testsuite> <!-- Mobile.Homepage -->
